<?xml version="1.0" encoding="UTF-8"?>
<coverage generated="1641236379301" clover="3.2.0">
  <project timestamp="1641236379301" name="All files">
    <metrics statements="35" coveredstatements="35" conditionals="12" coveredconditionals="12" methods="13" coveredmethods="13" elements="60" coveredelements="60" complexity="0" loc="35" ncloc="35" packages="1" files="3" classes="3"/>
    <file name="ChargingStation.js" path="/Users/andresanunezt/Multiverse/multiverse_bootcamps/TDD/scooter_app/scr/ChargingStation.js">
      <metrics statements="7" coveredstatements="7" conditionals="2" coveredconditionals="2" methods="3" coveredmethods="3"/>
      <line num="3" count="3" type="stmt"/>
      <line num="7" count="9" type="stmt"/>
      <line num="9" count="9" type="stmt"/>
      <line num="16" count="1" type="stmt"/>
      <line num="22" count="25" type="cond" truecount="2" falsecount="0"/>
      <line num="23" count="8" type="stmt"/>
      <line num="29" count="3" type="stmt"/>
    </file>
    <file name="Scooter.js" path="/Users/andresanunezt/Multiverse/multiverse_bootcamps/TDD/scooter_app/scr/Scooter.js">
      <metrics statements="12" coveredstatements="12" conditionals="5" coveredconditionals="5" methods="5" coveredmethods="5"/>
      <line num="1" count="3" type="stmt"/>
      <line num="5" count="3" type="stmt"/>
      <line num="10" count="15" type="stmt"/>
      <line num="16" count="15" type="stmt"/>
      <line num="17" count="15" type="stmt"/>
      <line num="23" count="15" type="cond" truecount="2" falsecount="0"/>
      <line num="24" count="1" type="stmt"/>
      <line num="25" count="14" type="cond" truecount="2" falsecount="0"/>
      <line num="26" count="2" type="stmt"/>
      <line num="32" count="1" type="stmt"/>
      <line num="39" count="24" type="stmt"/>
      <line num="47" count="3" type="stmt"/>
    </file>
    <file name="User.js" path="/Users/andresanunezt/Multiverse/multiverse_bootcamps/TDD/scooter_app/scr/User.js">
      <metrics statements="16" coveredstatements="16" conditionals="5" coveredconditionals="5" methods="5" coveredmethods="5"/>
      <line num="1" count="1" type="stmt"/>
      <line num="11" count="1" type="stmt"/>
      <line num="16" count="8" type="stmt"/>
      <line num="29" count="8" type="cond" truecount="5" falsecount="0"/>
      <line num="31" count="5" type="stmt"/>
      <line num="35" count="4" type="stmt"/>
      <line num="37" count="5" type="stmt"/>
      <line num="41" count="3" type="stmt"/>
      <line num="51" count="3" type="stmt"/>
      <line num="52" count="3" type="stmt"/>
      <line num="53" count="3" type="stmt"/>
      <line num="54" count="3" type="stmt"/>
      <line num="55" count="3" type="stmt"/>
      <line num="63" count="2" type="stmt"/>
      <line num="65" count="2" type="stmt"/>
      <line num="73" count="1" type="stmt"/>
    </file>
  </project>
</coverage>
