{"/Users/andresanunezt/Multiverse/multiverse_bootcamps/TDD/scooter_app/scr/Scooter.js": {"path":"/Users/andresanunezt/Multiverse/multiverse_bootcamps/TDD/scooter_app/scr/Scooter.js","statementMap":{"0":{"start":{"line":3,"column":17},"end":{"line":3,"column":19}},"1":{"start":{"line":7,"column":4},"end":{"line":11,"column":26}},"2":{"start":{"line":13,"column":4},"end":{"line":13,"column":26}},"3":{"start":{"line":19,"column":4},"end":{"line":23,"column":5}},"4":{"start":{"line":20,"column":8},"end":{"line":20,"column":26}},"5":{"start":{"line":21,"column":11},"end":{"line":23,"column":5}},"6":{"start":{"line":22,"column":8},"end":{"line":22,"column":24}},"7":{"start":{"line":28,"column":4},"end":{"line":28,"column":42}},"8":{"start":{"line":38,"column":0},"end":{"line":38,"column":24}}},"fnMap":{"0":{"name":"(anonymous_0)","decl":{"start":{"line":5,"column":0},"end":{"line":5,"column":1}},"loc":{"start":{"line":5,"column":42},"end":{"line":14,"column":1}},"line":5},"1":{"name":"(anonymous_1)","decl":{"start":{"line":17,"column":0},"end":{"line":17,"column":1}},"loc":{"start":{"line":17,"column":18},"end":{"line":24,"column":1}},"line":17},"2":{"name":"(anonymous_2)","decl":{"start":{"line":26,"column":0},"end":{"line":26,"column":1}},"loc":{"start":{"line":26,"column":15},"end":{"line":30,"column":1}},"line":26}},"branchMap":{"0":{"loc":{"start":{"line":5,"column":26},"end":{"line":5,"column":39}},"type":"default-arg","locations":[{"start":{"line":5,"column":36},"end":{"line":5,"column":39}}],"line":5},"1":{"loc":{"start":{"line":19,"column":4},"end":{"line":23,"column":5}},"type":"if","locations":[{"start":{"line":19,"column":4},"end":{"line":23,"column":5}},{"start":{"line":21,"column":11},"end":{"line":23,"column":5}}],"line":19},"2":{"loc":{"start":{"line":21,"column":11},"end":{"line":23,"column":5}},"type":"if","locations":[{"start":{"line":21,"column":11},"end":{"line":23,"column":5}},{"start":{},"end":{}}],"line":21}},"s":{"0":2,"1":10,"2":10,"3":10,"4":1,"5":9,"6":1,"7":1,"8":2},"f":{"0":10,"1":10,"2":1},"b":{"0":[3],"1":[1,9],"2":[1,8]},"_coverageSchema":"1a1c01bbd47fc00a2c39e90264f33305004495a9","hash":"4eb4647aab5c870eb74c6a55e6351da9b26dcdc8"}
,"/Users/andresanunezt/Multiverse/multiverse_bootcamps/TDD/scooter_app/scr/User.js": {"path":"/Users/andresanunezt/Multiverse/multiverse_bootcamps/TDD/scooter_app/scr/User.js","statementMap":{"0":{"start":{"line":1,"column":16},"end":{"line":1,"column":36}},"1":{"start":{"line":11,"column":17},"end":{"line":11,"column":19}},"2":{"start":{"line":15,"column":8},"end":{"line":18,"column":27}},"3":{"start":{"line":26,"column":8},"end":{"line":36,"column":9}},"4":{"start":{"line":27,"column":12},"end":{"line":29,"column":83}},"5":{"start":{"line":29,"column":59},"end":{"line":29,"column":78}},"6":{"start":{"line":31,"column":12},"end":{"line":31,"column":66}},"7":{"start":{"line":35,"column":12},"end":{"line":35,"column":31}},"8":{"start":{"line":45,"column":8},"end":{"line":45,"column":35}},"9":{"start":{"line":46,"column":8},"end":{"line":46,"column":30}},"10":{"start":{"line":47,"column":8},"end":{"line":47,"column":33}},"11":{"start":{"line":48,"column":8},"end":{"line":48,"column":75}},"12":{"start":{"line":56,"column":8},"end":{"line":56,"column":58}},"13":{"start":{"line":58,"column":8},"end":{"line":58,"column":120}},"14":{"start":{"line":66,"column":0},"end":{"line":66,"column":21}}},"fnMap":{"0":{"name":"(anonymous_0)","decl":{"start":{"line":13,"column":4},"end":{"line":13,"column":5}},"loc":{"start":{"line":13,"column":31},"end":{"line":21,"column":5}},"line":13},"1":{"name":"(anonymous_1)","decl":{"start":{"line":24,"column":4},"end":{"line":24,"column":5}},"loc":{"start":{"line":24,"column":24},"end":{"line":38,"column":5}},"line":24},"2":{"name":"(anonymous_2)","decl":{"start":{"line":29,"column":54},"end":{"line":29,"column":55}},"loc":{"start":{"line":29,"column":59},"end":{"line":29,"column":78}},"line":29},"3":{"name":"(anonymous_3)","decl":{"start":{"line":40,"column":4},"end":{"line":40,"column":5}},"loc":{"start":{"line":40,"column":36},"end":{"line":51,"column":6}},"line":40},"4":{"name":"(anonymous_4)","decl":{"start":{"line":54,"column":5},"end":{"line":54,"column":6}},"loc":{"start":{"line":54,"column":21},"end":{"line":61,"column":6}},"line":54}},"branchMap":{"0":{"loc":{"start":{"line":26,"column":8},"end":{"line":36,"column":9}},"type":"if","locations":[{"start":{"line":26,"column":8},"end":{"line":36,"column":9}},{"start":{"line":33,"column":16},"end":{"line":36,"column":9}}],"line":26}},"s":{"0":1,"1":1,"2":6,"3":6,"4":3,"5":4,"6":3,"7":3,"8":1,"9":1,"10":1,"11":1,"12":1,"13":1,"14":1},"f":{"0":6,"1":6,"2":4,"3":1,"4":1},"b":{"0":[3,3]},"_coverageSchema":"1a1c01bbd47fc00a2c39e90264f33305004495a9","hash":"c9059718499bbcaf85f5128c538f64fbe3a2e650"}
}
