{"/Users/andresanunezt/Multiverse/multiverse_bootcamps/TDD/scooter_app/scr/ChargingStation.js": {"path":"/Users/andresanunezt/Multiverse/multiverse_bootcamps/TDD/scooter_app/scr/ChargingStation.js","statementMap":{"0":{"start":{"line":3,"column":17},"end":{"line":3,"column":19}},"1":{"start":{"line":7,"column":4},"end":{"line":8,"column":22}},"2":{"start":{"line":9,"column":4},"end":{"line":9,"column":34}},"3":{"start":{"line":16,"column":12},"end":{"line":16,"column":74}},"4":{"start":{"line":22,"column":12},"end":{"line":24,"column":13}},"5":{"start":{"line":23,"column":16},"end":{"line":23,"column":43}},"6":{"start":{"line":29,"column":0},"end":{"line":29,"column":32}}},"fnMap":{"0":{"name":"(anonymous_0)","decl":{"start":{"line":5,"column":4},"end":{"line":5,"column":5}},"loc":{"start":{"line":5,"column":27},"end":{"line":12,"column":5}},"line":5},"1":{"name":"(anonymous_1)","decl":{"start":{"line":14,"column":8},"end":{"line":14,"column":9}},"loc":{"start":{"line":14,"column":23},"end":{"line":18,"column":9}},"line":14},"2":{"name":"(anonymous_2)","decl":{"start":{"line":20,"column":8},"end":{"line":20,"column":9}},"loc":{"start":{"line":20,"column":28},"end":{"line":25,"column":9}},"line":20}},"branchMap":{"0":{"loc":{"start":{"line":22,"column":12},"end":{"line":24,"column":13}},"type":"if","locations":[{"start":{"line":22,"column":12},"end":{"line":24,"column":13}},{"start":{},"end":{}}],"line":22}},"s":{"0":3,"1":8,"2":8,"3":1,"4":24,"5":7,"6":3},"f":{"0":8,"1":1,"2":24},"b":{"0":[7,17]},"_coverageSchema":"1a1c01bbd47fc00a2c39e90264f33305004495a9","hash":"a2a3c7356777e27c62a4fadc373ca9ef8c9b47aa"}
,"/Users/andresanunezt/Multiverse/multiverse_bootcamps/TDD/scooter_app/scr/Scooter.js": {"path":"/Users/andresanunezt/Multiverse/multiverse_bootcamps/TDD/scooter_app/scr/Scooter.js","statementMap":{"0":{"start":{"line":1,"column":24},"end":{"line":1,"column":52}},"1":{"start":{"line":5,"column":17},"end":{"line":5,"column":19}},"2":{"start":{"line":10,"column":4},"end":{"line":14,"column":26}},"3":{"start":{"line":16,"column":4},"end":{"line":16,"column":34}},"4":{"start":{"line":17,"column":4},"end":{"line":17,"column":26}},"5":{"start":{"line":23,"column":4},"end":{"line":27,"column":5}},"6":{"start":{"line":24,"column":8},"end":{"line":24,"column":26}},"7":{"start":{"line":25,"column":11},"end":{"line":27,"column":5}},"8":{"start":{"line":26,"column":8},"end":{"line":26,"column":24}},"9":{"start":{"line":32,"column":4},"end":{"line":32,"column":42}},"10":{"start":{"line":39,"column":4},"end":{"line":39,"column":58}},"11":{"start":{"line":39,"column":38},"end":{"line":39,"column":57}},"12":{"start":{"line":47,"column":0},"end":{"line":47,"column":24}}},"fnMap":{"0":{"name":"(anonymous_0)","decl":{"start":{"line":7,"column":0},"end":{"line":7,"column":1}},"loc":{"start":{"line":7,"column":38},"end":{"line":18,"column":1}},"line":7},"1":{"name":"(anonymous_1)","decl":{"start":{"line":21,"column":0},"end":{"line":21,"column":1}},"loc":{"start":{"line":21,"column":18},"end":{"line":28,"column":1}},"line":21},"2":{"name":"(anonymous_2)","decl":{"start":{"line":30,"column":0},"end":{"line":30,"column":1}},"loc":{"start":{"line":30,"column":15},"end":{"line":35,"column":1}},"line":30},"3":{"name":"(anonymous_3)","decl":{"start":{"line":37,"column":0},"end":{"line":37,"column":1}},"loc":{"start":{"line":37,"column":26},"end":{"line":41,"column":1}},"line":37},"4":{"name":"(anonymous_4)","decl":{"start":{"line":39,"column":32},"end":{"line":39,"column":33}},"loc":{"start":{"line":39,"column":38},"end":{"line":39,"column":57}},"line":39}},"branchMap":{"0":{"loc":{"start":{"line":7,"column":22},"end":{"line":7,"column":35}},"type":"default-arg","locations":[{"start":{"line":7,"column":32},"end":{"line":7,"column":35}}],"line":7},"1":{"loc":{"start":{"line":23,"column":4},"end":{"line":27,"column":5}},"type":"if","locations":[{"start":{"line":23,"column":4},"end":{"line":27,"column":5}},{"start":{"line":25,"column":11},"end":{"line":27,"column":5}}],"line":23},"2":{"loc":{"start":{"line":25,"column":11},"end":{"line":27,"column":5}},"type":"if","locations":[{"start":{"line":25,"column":11},"end":{"line":27,"column":5}},{"start":{},"end":{}}],"line":25}},"s":{"0":3,"1":3,"2":14,"3":14,"4":14,"5":14,"6":1,"7":13,"8":1,"9":1,"10":14,"11":23,"12":3},"f":{"0":14,"1":14,"2":1,"3":14,"4":23},"b":{"0":[4],"1":[1,13],"2":[1,12]},"_coverageSchema":"1a1c01bbd47fc00a2c39e90264f33305004495a9","hash":"beda87a4c41a0c99d62a97875af65c83057a4057"}
,"/Users/andresanunezt/Multiverse/multiverse_bootcamps/TDD/scooter_app/scr/User.js": {"path":"/Users/andresanunezt/Multiverse/multiverse_bootcamps/TDD/scooter_app/scr/User.js","statementMap":{"0":{"start":{"line":1,"column":16},"end":{"line":1,"column":36}},"1":{"start":{"line":11,"column":17},"end":{"line":11,"column":19}},"2":{"start":{"line":16,"column":8},"end":{"line":20,"column":27}},"3":{"start":{"line":29,"column":8},"end":{"line":42,"column":9}},"4":{"start":{"line":31,"column":12},"end":{"line":35,"column":109}},"5":{"start":{"line":35,"column":85},"end":{"line":35,"column":104}},"6":{"start":{"line":37,"column":12},"end":{"line":37,"column":66}},"7":{"start":{"line":41,"column":12},"end":{"line":41,"column":31}},"8":{"start":{"line":51,"column":8},"end":{"line":51,"column":51}},"9":{"start":{"line":52,"column":8},"end":{"line":52,"column":30}},"10":{"start":{"line":53,"column":8},"end":{"line":53,"column":46}},"11":{"start":{"line":54,"column":8},"end":{"line":54,"column":54}},"12":{"start":{"line":55,"column":8},"end":{"line":55,"column":83}},"13":{"start":{"line":63,"column":8},"end":{"line":63,"column":58}},"14":{"start":{"line":65,"column":8},"end":{"line":65,"column":120}},"15":{"start":{"line":73,"column":0},"end":{"line":73,"column":21}}},"fnMap":{"0":{"name":"(anonymous_0)","decl":{"start":{"line":13,"column":4},"end":{"line":13,"column":5}},"loc":{"start":{"line":13,"column":36},"end":{"line":23,"column":5}},"line":13},"1":{"name":"(anonymous_1)","decl":{"start":{"line":27,"column":4},"end":{"line":27,"column":5}},"loc":{"start":{"line":27,"column":41},"end":{"line":44,"column":5}},"line":27},"2":{"name":"(anonymous_2)","decl":{"start":{"line":35,"column":80},"end":{"line":35,"column":81}},"loc":{"start":{"line":35,"column":85},"end":{"line":35,"column":104}},"line":35},"3":{"name":"(anonymous_3)","decl":{"start":{"line":46,"column":4},"end":{"line":46,"column":5}},"loc":{"start":{"line":46,"column":43},"end":{"line":58,"column":6}},"line":46},"4":{"name":"(anonymous_4)","decl":{"start":{"line":61,"column":5},"end":{"line":61,"column":6}},"loc":{"start":{"line":61,"column":21},"end":{"line":68,"column":6}},"line":61}},"branchMap":{"0":{"loc":{"start":{"line":29,"column":8},"end":{"line":42,"column":9}},"type":"if","locations":[{"start":{"line":29,"column":8},"end":{"line":42,"column":9}},{"start":{"line":39,"column":16},"end":{"line":42,"column":9}}],"line":29},"1":{"loc":{"start":{"line":29,"column":12},"end":{"line":29,"column":102}},"type":"binary-expr","locations":[{"start":{"line":29,"column":12},"end":{"line":29,"column":35}},{"start":{"line":29,"column":39},"end":{"line":29,"column":84}},{"start":{"line":29,"column":88},"end":{"line":29,"column":102}}],"line":29}},"s":{"0":1,"1":1,"2":8,"3":8,"4":5,"5":4,"6":5,"7":3,"8":3,"9":3,"10":3,"11":3,"12":3,"13":2,"14":2,"15":1},"f":{"0":8,"1":8,"2":4,"3":3,"4":2},"b":{"0":[5,3],"1":[8,6,6]},"_coverageSchema":"1a1c01bbd47fc00a2c39e90264f33305004495a9","hash":"e2011463dd7a85e3e8caa571705428cebe1a560a"}
}
