TN:
SF:scr/Scooter.js
FN:5,(anonymous_0)
FN:17,(anonymous_1)
FN:26,(anonymous_2)
FNF:3
FNH:3
FNDA:10,(anonymous_0)
FNDA:10,(anonymous_1)
FNDA:1,(anonymous_2)
DA:3,2
DA:7,10
DA:13,10
DA:19,10
DA:20,1
DA:21,9
DA:22,1
DA:28,1
DA:38,2
LF:9
LH:9
BRDA:5,0,0,3
BRDA:19,1,0,1
BRDA:19,1,1,9
BRDA:21,2,0,1
BRDA:21,2,1,8
BRF:5
BRH:5
end_of_record
TN:
SF:scr/User.js
FN:13,(anonymous_0)
FN:24,(anonymous_1)
FN:29,(anonymous_2)
FN:40,(anonymous_3)
FN:54,(anonymous_4)
FNF:5
FNH:5
FNDA:6,(anonymous_0)
FNDA:6,(anonymous_1)
FNDA:4,(anonymous_2)
FNDA:1,(anonymous_3)
FNDA:1,(anonymous_4)
DA:1,1
DA:11,1
DA:15,6
DA:26,6
DA:27,3
DA:29,4
DA:31,3
DA:35,3
DA:45,1
DA:46,1
DA:47,1
DA:48,1
DA:56,1
DA:58,1
DA:66,1
LF:15
LH:15
BRDA:26,0,0,3
BRDA:26,0,1,3
BRF:2
BRH:2
end_of_record
