TN:
SF:scr/ChargingStation.js
FN:5,(anonymous_0)
FN:14,(anonymous_1)
FN:20,(anonymous_2)
FNF:3
FNH:3
FNDA:8,(anonymous_0)
FNDA:1,(anonymous_1)
FNDA:24,(anonymous_2)
DA:3,3
DA:7,8
DA:9,8
DA:16,1
DA:22,24
DA:23,7
DA:29,3
LF:7
LH:7
BRDA:22,0,0,7
BRDA:22,0,1,17
BRF:2
BRH:2
end_of_record
TN:
SF:scr/Scooter.js
FN:7,(anonymous_0)
FN:21,(anonymous_1)
FN:30,(anonymous_2)
FN:37,(anonymous_3)
FN:39,(anonymous_4)
FNF:5
FNH:5
FNDA:14,(anonymous_0)
FNDA:14,(anonymous_1)
FNDA:1,(anonymous_2)
FNDA:14,(anonymous_3)
FNDA:23,(anonymous_4)
DA:1,3
DA:5,3
DA:10,14
DA:16,14
DA:17,14
DA:23,14
DA:24,1
DA:25,13
DA:26,1
DA:32,1
DA:39,23
DA:47,3
LF:12
LH:12
BRDA:7,0,0,4
BRDA:23,1,0,1
BRDA:23,1,1,13
BRDA:25,2,0,1
BRDA:25,2,1,12
BRF:5
BRH:5
end_of_record
TN:
SF:scr/User.js
FN:13,(anonymous_0)
FN:27,(anonymous_1)
FN:35,(anonymous_2)
FN:46,(anonymous_3)
FN:61,(anonymous_4)
FNF:5
FNH:5
FNDA:8,(anonymous_0)
FNDA:8,(anonymous_1)
FNDA:4,(anonymous_2)
FNDA:3,(anonymous_3)
FNDA:2,(anonymous_4)
DA:1,1
DA:11,1
DA:16,8
DA:29,8
DA:31,5
DA:35,4
DA:37,5
DA:41,3
DA:51,3
DA:52,3
DA:53,3
DA:54,3
DA:55,3
DA:63,2
DA:65,2
DA:73,1
LF:16
LH:16
BRDA:29,0,0,5
BRDA:29,0,1,3
BRDA:29,1,0,8
BRDA:29,1,1,6
BRDA:29,1,2,6
BRF:5
BRH:5
end_of_record
